


ARM Macro Assembler    Page 1 


    1 00000000         ; ------------------------------------------------------
                       ------------
    2 00000000         ; --  _____       ______  _____                         
                                  -
    3 00000000         ; -- |_   _|     |  ____|/ ____|                        
                                  -
    4 00000000         ; --   | |  _ __ | |__  | (___    Institute of Embedded 
                       Systems    -
    5 00000000         ; --   | | | '_ \|  __|  \___ \   Zurich University of  
                                  -
    6 00000000         ; --  _| |_| | | | |____ ____) |  Applied Sciences      
                                  -
    7 00000000         ; -- |_____|_| |_|______|_____/   8401 Winterthur, Switz
                       erland     -
    8 00000000         ; ------------------------------------------------------
                       ------------
    9 00000000         ; --
   10 00000000         ; -- sumdiff.s
   11 00000000         ; --
   12 00000000         ; -- CT1 P05 Summe und Differenz
   13 00000000         ; --
   14 00000000         ; -- $Id: sumdiff.s 705 2014-09-16 11:44:22Z muln $
   15 00000000         ; ------------------------------------------------------
                       ------------
   16 00000000         ;Directives
   17 00000000                 PRESERVE8
   18 00000000                 THUMB
   19 00000000         
   20 00000000         ; ------------------------------------------------------
                       ------------
   21 00000000         ; -- Symbolic Literals
   22 00000000         ; ------------------------------------------------------
                       ------------
   23 00000000 60000200 
                       ADDR_DIP_SWITCH_7_0
                               EQU              0x60000200
   24 00000000 60000201 
                       ADDR_DIP_SWITCH_15_8
                               EQU              0x60000201
   25 00000000 60000100 
                       ADDR_LED_7_0
                               EQU              0x60000100
   26 00000000 60000101 
                       ADDR_LED_15_8
                               EQU              0x60000101
   27 00000000 60000102 
                       ADDR_LED_23_16
                               EQU              0x60000102
   28 00000000 60000103 
                       ADDR_LED_31_24
                               EQU              0x60000103
   29 00000000         
   30 00000000         ; ------------------------------------------------------
                       ------------
   31 00000000         ; -- myCode
   32 00000000         ; ------------------------------------------------------
                       ------------
   33 00000000                 AREA             MyCode, CODE, READONLY
   34 00000000         



ARM Macro Assembler    Page 2 


   35 00000000         main    PROC
   36 00000000                 EXPORT           main
   37 00000000         
   38 00000000         user_prog
   39 00000000         ; STUDENTS: To be programmed
   40 00000000         ; Load both 8 bit values to add them up later
   41 00000000 480C            LDR              R0, =ADDR_DIP_SWITCH_7_0
   42 00000002 7800            LDRB             R0,[R0,#0]
   43 00000004 490C            LDR              R1, =ADDR_DIP_SWITCH_15_8
   44 00000006 7809            LDRB             R1,[R1,#0]
   45 00000008 0600            LSLS             R0, R0, #24
   46 0000000A 0609            LSLS             R1, R1, #24
   47 0000000C         
   48 0000000C         ; Reading flags from operation an show on LEDs | ADDITIO
                       N
   49 0000000C 180A            ADDS             R2,R1,R0
   50 0000000E F3EF 8400       MRS              R4, APSR
   51 00000012 0E24            LSRS             R4, R4, #24
   52 00000014 4D09            LDR              R5, =ADDR_LED_15_8
   53 00000016 702C            STRB             R4,[R5,#0]
   54 00000018 4D09            LDR              R5, =ADDR_LED_7_0
   55 0000001A 0E12            LSRS             R2,R2,#24
   56 0000001C 702A            STRB             R2,[R5,#0]
   57 0000001E         
   58 0000001E         ; Reading flags from operation an show on LEDs | SUBSTRA
                       CTION
   59 0000001E 1A0B            SUBS             R3,R1,R0
   60 00000020 F3EF 8400       MRS              R4, APSR
   61 00000024 0E24            LSRS             R4, R4, #24
   62 00000026 4D07            LDR              R5, =ADDR_LED_31_24
   63 00000028 702C            STRB             R4,[R5,#0]
   64 0000002A 4D07            LDR              R5, =ADDR_LED_23_16
   65 0000002C 0E1B            LSRS             R3,R3,#24
   66 0000002E 702B            STRB             R3,[R5,#0]
   67 00000030         
   68 00000030         
   69 00000030         ; END: To be programmed
   70 00000030 E7E6            B                user_prog
   71 00000032 00 00           ALIGN
   72 00000034         ; ------------------------------------------------------
                       ------------
   73 00000034         ; End of code
   74 00000034         ; ------------------------------------------------------
                       ------------
   75 00000034                 ENDP
   76 00000034                 END
              60000200 
              60000201 
              60000101 
              60000100 
              60000103 
              60000102 
Command Line: --debug --xref --diag_suppress=9931 --cpu=Cortex-M0 --apcs=interw
ork --depend=.\build\sumdiff.d -o.\build\sumdiff.o -I.\RTE\_Target_1 -IC:\Users
\gpiol\AppData\Local\Arm\Packs\InES\CTBoard14_DFP\4.0.2\Device\Include -IC:\Use
rs\gpiol\AppData\Local\Arm\Packs\InES\CTBoard14_DFP\4.0.2\Device\Include\m0 -IC
:\Users\gpiol\AppData\Local\Arm\Packs\InES\CTBoard14_DFP\4.0.2\HAL\Include --pr
edefine="__EVAL SETA 1" --predefine="__UVISION_VERSION SETA 536" --predefine="_
RTE_ SETA 1" --predefine="_RTE_ SETA 1" --list=.\build\sumdiff.lst app\sumdiff.



ARM Macro Assembler    Page 3 


s



ARM Macro Assembler    Page 1 Alphabetic symbol ordering
Relocatable symbols

MyCode 00000000

Symbol: MyCode
   Definitions
      At line 33 in file app\sumdiff.s
   Uses
      None
Comment: MyCode unused
main 00000000

Symbol: main
   Definitions
      At line 35 in file app\sumdiff.s
   Uses
      At line 36 in file app\sumdiff.s
Comment: main used once
user_prog 00000000

Symbol: user_prog
   Definitions
      At line 38 in file app\sumdiff.s
   Uses
      At line 70 in file app\sumdiff.s
Comment: user_prog used once
3 symbols



ARM Macro Assembler    Page 1 Alphabetic symbol ordering
Absolute symbols

ADDR_DIP_SWITCH_15_8 60000201

Symbol: ADDR_DIP_SWITCH_15_8
   Definitions
      At line 24 in file app\sumdiff.s
   Uses
      At line 43 in file app\sumdiff.s
Comment: ADDR_DIP_SWITCH_15_8 used once
ADDR_DIP_SWITCH_7_0 60000200

Symbol: ADDR_DIP_SWITCH_7_0
   Definitions
      At line 23 in file app\sumdiff.s
   Uses
      At line 41 in file app\sumdiff.s
Comment: ADDR_DIP_SWITCH_7_0 used once
ADDR_LED_15_8 60000101

Symbol: ADDR_LED_15_8
   Definitions
      At line 26 in file app\sumdiff.s
   Uses
      At line 52 in file app\sumdiff.s
Comment: ADDR_LED_15_8 used once
ADDR_LED_23_16 60000102

Symbol: ADDR_LED_23_16
   Definitions
      At line 27 in file app\sumdiff.s
   Uses
      At line 64 in file app\sumdiff.s
Comment: ADDR_LED_23_16 used once
ADDR_LED_31_24 60000103

Symbol: ADDR_LED_31_24
   Definitions
      At line 28 in file app\sumdiff.s
   Uses
      At line 62 in file app\sumdiff.s
Comment: ADDR_LED_31_24 used once
ADDR_LED_7_0 60000100

Symbol: ADDR_LED_7_0
   Definitions
      At line 25 in file app\sumdiff.s
   Uses
      At line 54 in file app\sumdiff.s
Comment: ADDR_LED_7_0 used once
6 symbols
344 symbols in table
