


ARM Macro Assembler    Page 1 


    1 00000000         ; ------------------------------------------------------
                       ------------
    2 00000000         ; --  _____       ______  _____                         
                                  -
    3 00000000         ; -- |_   _|     |  ____|/ ____|                        
                                  -
    4 00000000         ; --   | |  _ __ | |__  | (___    Institute of Embedded 
                       Systems    -
    5 00000000         ; --   | | | '_ \|  __|  \___ \   Zurich University of  
                                  -
    6 00000000         ; --  _| |_| | | | |____ ____) |  Applied Sciences      
                                  -
    7 00000000         ; -- |_____|_| |_|______|_____/   8401 Winterthur, Switz
                       erland     -
    8 00000000         ; ------------------------------------------------------
                       ------------
    9 00000000         ; --
   10 00000000         ; -- table.s
   11 00000000         ; --
   12 00000000         ; -- CT1 P04 Ein- und Ausgabe von Tabellenwerten
   13 00000000         ; --
   14 00000000         ; -- $Id: table.s 800 2014-10-06 13:19:25Z ruan $
   15 00000000         ; ------------------------------------------------------
                       ------------
   16 00000000         ;Directives
   17 00000000                 PRESERVE8
   18 00000000                 THUMB
   19 00000000         ; ------------------------------------------------------
                       ------------
   20 00000000         ; -- Symbolic Literals
   21 00000000         ; ------------------------------------------------------
                       ------------
   22 00000000 60000200 
                       ADDR_DIP_SWITCH_7_0
                               EQU              0x60000200
   23 00000000 60000201 
                       ADDR_DIP_SWITCH_15_8
                               EQU              0x60000201
   24 00000000 60000203 
                       ADDR_DIP_SWITCH_31_24
                               EQU              0x60000203
   25 00000000 60000100 
                       ADDR_LED_7_0
                               EQU              0x60000100
   26 00000000 60000101 
                       ADDR_LED_15_8
                               EQU              0x60000101
   27 00000000 60000102 
                       ADDR_LED_23_16
                               EQU              0x60000102
   28 00000000 60000103 
                       ADDR_LED_31_24
                               EQU              0x60000103
   29 00000000 60000210 
                       ADDR_BUTTONS
                               EQU              0x60000210
   30 00000000         
   31 00000000 00000001 
                       BITMASK_KEY_T0



ARM Macro Assembler    Page 2 


                               EQU              0x01
   32 00000000 0000000F 
                       BITMASK_LOWER_NIBBLE
                               EQU              0x0F
   33 00000000 000000FF 
                       BITMASK_BYTE
                               EQU              0xFF
   34 00000000         
   35 00000000 60000114 
                       ADDR_SEG7_BIN
                               EQU              0x60000114
   36 00000000         
   37 00000000         ; ------------------------------------------------------
                       ------------
   38 00000000         ; -- Variables
   39 00000000         ; ------------------------------------------------------
                       ------------
   40 00000000                 AREA             MyAsmVar, DATA, READWRITE
   41 00000000         ; STUDENTS: To be programmed
   42 00000000         
   43 00000000 00 00 00 
              00 00 00 
              00 00 00 
              00 00 00 
              00 00 00 
              00 00 00 
              00 00 00 
              00 00 00 
              00 00 00 
              00 00 00 
              00 00    store_table
                               SPACE            32          ; reserve 16 byte (
                                                            4 words) 
   44 00000020         
   45 00000020         
   46 00000020         ; END: To be programmed
   47 00000020                 ALIGN
   48 00000020         
   49 00000020         ; ------------------------------------------------------
                       ------------
   50 00000020         ; -- myCode
   51 00000020         ; ------------------------------------------------------
                       ------------
   52 00000020                 AREA             myCode, CODE, READONLY
   53 00000000         
   54 00000000         main    PROC
   55 00000000                 EXPORT           main
   56 00000000         
   57 00000000         readInput
   58 00000000 F000 F814       BL               waitForKey  ; wait for key to b
                                                            e pressed and relea
                                                            sed
   59 00000004         ; STUDENTS: To be programmed
   60 00000004         
   61 00000004 480F            LDR              R0, =BITMASK_LOWER_NIBBLE ; loa
                                                            ding bit mask for 0
                                                            xF
   62 00000006 4910            LDR              R1, =ADDR_DIP_SWITCH_7_0 ; load
                                                            ing address of swit



ARM Macro Assembler    Page 3 


                                                            ches
   63 00000008 880A            LDRH             R2,[R1,#0]  ; read half word fr
                                                            om switches
   64 0000000A 4613            MOV              R3,R2       ; copy value for sh
                                                            ifting
   65 0000000C 0A1B            LSRS             R3,R3,#8    ; load / shit index
                                                             into own register 
                                                            for later use
   66 0000000E 490F            LDR              R1, = ADDR_LED_7_0 ; load addre
                                                            ss of leds
   67 00000010 800A            STRH             R2,[R1,#0]  ; display switch va
                                                            lues in led
   68 00000012         
   69 00000012 4C0F            LDR              R4, =store_table ; load table a
                                                            ddress
   70 00000014 005B            LSLS             R3,R3,#1
   71 00000016 52E2            STRH             R2,[R4,R3]  ; store value in ta
                                                            ble
   72 00000018         
   73 00000018 4D0E            LDR              R5,=ADDR_DIP_SWITCH_31_24 ; loa
                                                            d address of switch
                                                            es 0-7 into r0
   74 0000001A 782D            LDRB             R5,[R5,#0]
   75 0000001C 4005            ANDS             R5, R5, R0
   76 0000001E 006D            LSLS             R5,R5,#1
   77 00000020 5B62            LDRH             R2,[R4,R5]
   78 00000022 490D            LDR              R1, =ADDR_LED_23_16 ; load addr
                                                            ess of leds
   79 00000024 800A            STRH             R2,[R1,#0]
   80 00000026         
   81 00000026 480D            LDR              R0, =ADDR_SEG7_BIN
   82 00000028 8002            STRH             R2, [R0, #0] ; Write half word 
                                                            of binary data to a
                                                            ll displays.
   83 0000002A         
   84 0000002A         ; END: To be programmed
   85 0000002A E7E9            B                readInput
   86 0000002C                 ALIGN
   87 0000002C         
   88 0000002C         ; ------------------------------------------------------
                       ------------
   89 0000002C         ; Subroutines
   90 0000002C         ; ------------------------------------------------------
                       ------------
   91 0000002C         
   92 0000002C         ; wait for key to be pressed and released
   93 0000002C         waitForKey
   94 0000002C B407            PUSH             {R0, R1, R2}
   95 0000002E 490C            LDR              R1, =ADDR_BUTTONS ; laod base a
                                                            ddress of keys
   96 00000030 4A0C            LDR              R2, =BITMASK_KEY_T0 
                                                            ; load key mask T0
   97 00000032         
   98 00000032         waitForPress
   99 00000032 7808            LDRB             R0, [R1]    ; load key values
  100 00000034 4210            TST              R0, R2      ; check, if key T0 
                                                            is pressed
  101 00000036 D0FC            BEQ              waitForPress
  102 00000038         



ARM Macro Assembler    Page 4 


  103 00000038         waitForRelease
  104 00000038 7808            LDRB             R0, [R1]    ; load key values
  105 0000003A 4210            TST              R0, R2      ; check, if key T0 
                                                            is released
  106 0000003C D1FC            BNE              waitForRelease
  107 0000003E         
  108 0000003E BC07            POP              {R0, R1, R2}
  109 00000040 4770            BX               LR
  110 00000042 00 00           ALIGN
  111 00000044         
  112 00000044         ; ------------------------------------------------------
                       ------------
  113 00000044         ; End of code
  114 00000044         ; ------------------------------------------------------
                       ------------
  115 00000044                 ENDP
  116 00000044                 END
              0000000F 
              60000200 
              60000100 
              00000000 
              60000203 
              60000102 
              60000114 
              60000210 
              00000001 
Command Line: --debug --xref --diag_suppress=9931 --cpu=Cortex-M0 --apcs=interw
ork --depend=.\build\table.d -o.\build\table.o -I.\RTE\_Target_1 -IC:\Users\gpi
ol\AppData\Local\Arm\Packs\InES\CTBoard14_DFP\4.0.2\Device\Include -IC:\Users\g
piol\AppData\Local\Arm\Packs\InES\CTBoard14_DFP\4.0.2\Device\Include\m0 -IC:\Us
ers\gpiol\AppData\Local\Arm\Packs\InES\CTBoard14_DFP\4.0.2\HAL\Include --predef
ine="__EVAL SETA 1" --predefine="__UVISION_VERSION SETA 536" --predefine="_RTE_
 SETA 1" --predefine="_RTE_ SETA 1" --list=.\build\table.lst app\table.s



ARM Macro Assembler    Page 1 Alphabetic symbol ordering
Relocatable symbols

MyAsmVar 00000000

Symbol: MyAsmVar
   Definitions
      At line 40 in file app\table.s
   Uses
      None
Comment: MyAsmVar unused
store_table 00000000

Symbol: store_table
   Definitions
      At line 43 in file app\table.s
   Uses
      At line 69 in file app\table.s
Comment: store_table used once
2 symbols



ARM Macro Assembler    Page 1 Alphabetic symbol ordering
Relocatable symbols

main 00000000

Symbol: main
   Definitions
      At line 54 in file app\table.s
   Uses
      At line 55 in file app\table.s
Comment: main used once
myCode 00000000

Symbol: myCode
   Definitions
      At line 52 in file app\table.s
   Uses
      None
Comment: myCode unused
readInput 00000000

Symbol: readInput
   Definitions
      At line 57 in file app\table.s
   Uses
      At line 85 in file app\table.s
Comment: readInput used once
waitForKey 0000002C

Symbol: waitForKey
   Definitions
      At line 93 in file app\table.s
   Uses
      At line 58 in file app\table.s
Comment: waitForKey used once
waitForPress 00000032

Symbol: waitForPress
   Definitions
      At line 98 in file app\table.s
   Uses
      At line 101 in file app\table.s
Comment: waitForPress used once
waitForRelease 00000038

Symbol: waitForRelease
   Definitions
      At line 103 in file app\table.s
   Uses
      At line 106 in file app\table.s
Comment: waitForRelease used once
6 symbols



ARM Macro Assembler    Page 1 Alphabetic symbol ordering
Absolute symbols

ADDR_BUTTONS 60000210

Symbol: ADDR_BUTTONS
   Definitions
      At line 29 in file app\table.s
   Uses
      At line 95 in file app\table.s
Comment: ADDR_BUTTONS used once
ADDR_DIP_SWITCH_15_8 60000201

Symbol: ADDR_DIP_SWITCH_15_8
   Definitions
      At line 23 in file app\table.s
   Uses
      None
Comment: ADDR_DIP_SWITCH_15_8 unused
ADDR_DIP_SWITCH_31_24 60000203

Symbol: ADDR_DIP_SWITCH_31_24
   Definitions
      At line 24 in file app\table.s
   Uses
      At line 73 in file app\table.s
Comment: ADDR_DIP_SWITCH_31_24 used once
ADDR_DIP_SWITCH_7_0 60000200

Symbol: ADDR_DIP_SWITCH_7_0
   Definitions
      At line 22 in file app\table.s
   Uses
      At line 62 in file app\table.s
Comment: ADDR_DIP_SWITCH_7_0 used once
ADDR_LED_15_8 60000101

Symbol: ADDR_LED_15_8
   Definitions
      At line 26 in file app\table.s
   Uses
      None
Comment: ADDR_LED_15_8 unused
ADDR_LED_23_16 60000102

Symbol: ADDR_LED_23_16
   Definitions
      At line 27 in file app\table.s
   Uses
      At line 78 in file app\table.s
Comment: ADDR_LED_23_16 used once
ADDR_LED_31_24 60000103

Symbol: ADDR_LED_31_24
   Definitions
      At line 28 in file app\table.s
   Uses
      None
Comment: ADDR_LED_31_24 unused
ADDR_LED_7_0 60000100

Symbol: ADDR_LED_7_0



ARM Macro Assembler    Page 2 Alphabetic symbol ordering
Absolute symbols

   Definitions
      At line 25 in file app\table.s
   Uses
      At line 66 in file app\table.s
Comment: ADDR_LED_7_0 used once
ADDR_SEG7_BIN 60000114

Symbol: ADDR_SEG7_BIN
   Definitions
      At line 35 in file app\table.s
   Uses
      At line 81 in file app\table.s
Comment: ADDR_SEG7_BIN used once
BITMASK_BYTE 000000FF

Symbol: BITMASK_BYTE
   Definitions
      At line 33 in file app\table.s
   Uses
      None
Comment: BITMASK_BYTE unused
BITMASK_KEY_T0 00000001

Symbol: BITMASK_KEY_T0
   Definitions
      At line 31 in file app\table.s
   Uses
      At line 96 in file app\table.s
Comment: BITMASK_KEY_T0 used once
BITMASK_LOWER_NIBBLE 0000000F

Symbol: BITMASK_LOWER_NIBBLE
   Definitions
      At line 32 in file app\table.s
   Uses
      At line 61 in file app\table.s
Comment: BITMASK_LOWER_NIBBLE used once
12 symbols
355 symbols in table
